<?xml version="1.0" encoding="UTF-8"?>
<testng-results skipped="0" failed="0" total="1" passed="1">
  <reporter-output>
  </reporter-output>
  <suite name="Default suite" duration-ms="34050" started-at="2019-05-04T14:34:29Z" finished-at="2019-05-04T14:35:03Z">
    <groups>
    </groups>
    <test name="Default test" duration-ms="34050" started-at="2019-05-04T14:34:29Z" finished-at="2019-05-04T14:35:03Z">
      <class name="OneOne.WithClass">
        <test-method status="PASS" signature="openMyBlog()[pri:0, instance:OneOne.WithClass@c038203]" name="openMyBlog" duration-ms="34040" started-at="2019-05-04T20:04:29Z" finished-at="2019-05-04T20:05:03Z">
          <reporter-output>
          </reporter-output>
        </test-method> <!-- openMyBlog -->
      </class> <!-- OneOne.WithClass -->
    </test> <!-- Default test -->
  </suite> <!-- Default suite -->
</testng-results>
